<?xml version="1.0" encoding="UTF-8"?>
<!-- Generated by org.testng.reporters.JUnitReportReporter -->
<testsuite hostname="INBOOK_X1_SLIM" failures="0" tests="1" name="RESTASSURED.RESTASSURED_AUTHORIZATION" time="5.240" errors="0" timestamp="2025-03-16T22:30:51 IST" skipped="0">
  <testcase classname="RESTASSURED.RESTASSURED_AUTHORIZATION" name="TC01" time="5.240"/>
  <system-out/>
</testsuite> <!-- RESTASSURED.RESTASSURED_AUTHORIZATION -->
