<?xml version="1.0" encoding="UTF-8"?>
<!-- Generated by org.testng.reporters.JUnitReportReporter -->
<testsuite hostname="INBOOK_X1_SLIM" failures="0" tests="1" name="RESTASSURED.RESTASSURED_BEARER_TOKEN" time="3.843" errors="0" timestamp="2025-03-17T00:09:06 IST" skipped="0">
  <testcase classname="RESTASSURED.RESTASSURED_BEARER_TOKEN" name="TC01" time="3.843"/>
  <system-out/>
</testsuite> <!-- RESTASSURED.RESTASSURED_BEARER_TOKEN -->
