<?xml version="1.0" encoding="UTF-8"?>
<!-- Generated by org.testng.reporters.JUnitReportReporter -->
<testsuite hostname="INBOOK_X1_SLIM" failures="0" tests="4" name="dataDrivenTesting.testclass" time="27.973" errors="0" timestamp="2025-05-25T03:50:04 IST" skipped="0">
  <testcase classname="dataDrivenTesting.testclass" name="TC01" time="7.158"/>
  <system-out/>
  <testcase classname="dataDrivenTesting.testclass" name="TC01" time="6.754"/>
  <system-out/>
  <testcase classname="dataDrivenTesting.testclass" name="TC01" time="7.259"/>
  <system-out/>
  <testcase classname="dataDrivenTesting.testclass" name="TC01" time="6.802"/>
  <system-out/>
</testsuite> <!-- dataDrivenTesting.testclass -->
