<?xml version="1.0" encoding="UTF-8"?>
<!-- Generated by org.testng.reporters.JUnitReportReporter -->
<testsuite hostname="INBOOK_X1_SLIM" failures="0" tests="1" name="TestCases.LoginTestCases" time="4.724" errors="0" timestamp="2025-02-22T21:12:16 IST" skipped="0">
  <testcase classname="TestCases.LoginTestCases" name="TC01_Login_with_Incorrect_credentials" time="4.724"/>
  <system-out/>
</testsuite> <!-- TestCases.LoginTestCases -->
