<?xml version="1.0" encoding="UTF-8"?>
<!-- Generated by org.testng.reporters.JUnitReportReporter -->
<testsuite hostname="INBOOK_X1_SLIM" failures="0" tests="2" name="utility.testclass" time="17.870" errors="0" timestamp="2025-06-27T13:47:38 IST" skipped="0">
  <testcase classname="utility.testclass" name="TC02_Login_InCorrectUser" time="9.177"/>
  <system-out/>
  <testcase classname="utility.testclass" name="TC01_Login_CorrectUser" time="8.693"/>
  <system-out/>
</testsuite> <!-- utility.testclass -->
