<?xml version="1.0" encoding="UTF-8"?>
<!-- Generated by org.testng.reporters.JUnitReportReporter -->
<testsuite hostname="INBOOK_X1_SLIM" failures="0" tests="1" name="RESTASSURED.RestAssuredTestCases" time="3.207" errors="0" timestamp="2025-03-16T19:25:49 IST" skipped="0">
  <testcase classname="RESTASSURED.RestAssuredTestCases" name="getUser" time="3.207"/>
  <system-out/>
</testsuite> <!-- RESTASSURED.RestAssuredTestCases -->
