<?xml version="1.0" encoding="UTF-8"?>
<!-- Generated by org.testng.reporters.JUnitReportReporter -->
<testsuite hostname="INBOOK_X1_SLIM" failures="0" tests="1" name="CROSS_BROWSER_TESTING.Tests2" time="28.356" errors="0" timestamp="2025-03-22T23:50:22 IST" skipped="0">
  <testcase classname="CROSS_BROWSER_TESTING.Tests2" name="TC01" time="28.356"/>
  <system-out/>
</testsuite> <!-- CROSS_BROWSER_TESTING.Tests2 -->
