<?xml version="1.0" encoding="UTF-8"?>
<!-- Generated by org.testng.reporters.JUnitReportReporter -->
<testsuite hostname="INBOOK_X1_SLIM" failures="0" tests="2" name="April_21.testclass" time="2.562" errors="0" timestamp="2025-04-21T09:13:00 IST" skipped="0">
  <testcase classname="April_21.testclass" name="TC_02" time="0.707"/>
  <system-out/>
  <testcase classname="April_21.testclass" name="TC_01" time="1.855"/>
  <system-out/>
</testsuite> <!-- April_21.testclass -->
