<?xml version="1.0" encoding="UTF-8"?>
<!-- Generated by org.testng.reporters.JUnitReportReporter -->
<testsuite hostname="INBOOK_X1_SLIM" failures="0" tests="1" name="CROSS_BROWSER_TESTING.Tests" time="24.160" errors="0" timestamp="2025-03-29T18:38:34 IST" skipped="0">
  <testcase classname="CROSS_BROWSER_TESTING.Tests" name="TC01" time="24.160"/>
  <system-out/>
</testsuite> <!-- CROSS_BROWSER_TESTING.Tests -->
