<?xml version="1.0" encoding="UTF-8"?>
<!-- Generated by org.testng.reporters.JUnitReportReporter -->
<testsuite hostname="INBOOK_X1_SLIM" failures="0" tests="5" name="April_21.testclass" time="74.866" errors="0" timestamp="2025-06-02T00:01:04 IST" skipped="0">
  <testcase classname="April_21.testclass" name="TC_03" time="20.074"/>
  <system-out/>
  <testcase classname="April_21.testclass" name="TC_01" time="9.633"/>
  <system-out/>
  <testcase classname="April_21.testclass" name="TC_05" time="11.458"/>
  <system-out/>
  <testcase classname="April_21.testclass" name="TC_02" time="14.315"/>
  <system-out/>
  <testcase classname="April_21.testclass" name="TC_04" time="19.386"/>
  <system-out/>
</testsuite> <!-- April_21.testclass -->
