<?xml version="1.0" encoding="UTF-8"?>
<!-- Generated by org.testng.reporters.JUnitReportReporter -->
<testsuite hostname="INBOOK_X1_SLIM" failures="0" tests="1" name="RESTASSURED.PRACTISE" time="5.551" errors="0" timestamp="2025-03-23T22:09:29 IST" skipped="0">
  <testcase classname="RESTASSURED.PRACTISE" name="TC01" time="5.551"/>
  <system-out/>
</testsuite> <!-- RESTASSURED.PRACTISE -->
