<?xml version="1.0" encoding="UTF-8"?>
<!-- Generated by org.testng.reporters.JUnitReportReporter -->
<testsuite hostname="INBOOK_X1_SLIM" failures="0" tests="1" name="RESTASSURED.RESTASSURED_II" time="2.715" errors="0" timestamp="2025-03-16T21:05:28 IST" skipped="0">
  <testcase classname="RESTASSURED.RESTASSURED_II" name="TC01" time="2.715"/>
  <system-out/>
</testsuite> <!-- RESTASSURED.RESTASSURED_II -->
