<?xml version="1.0" encoding="UTF-8"?>
<!-- Generated by org.testng.reporters.JUnitReportReporter -->
<testsuite hostname="INBOOK_X1_SLIM" failures="0" tests="2" name="utility.testclass" time="19.712" errors="0" timestamp="2025-06-27T14:16:22 IST" skipped="0">
  <testcase classname="utility.testclass" name="TC01_Login_CorrectUser" time="11.368"/>
  <testcase classname="utility.testclass" name="TC02_Login_InCorrectUser" time="8.344"/>
</testsuite> <!-- utility.testclass -->
